<?xml version="1.0" encoding="UTF-8"?>
<testng-results skipped="0" failed="0" ignored="0" total="1" passed="1">
  <reporter-output>
  </reporter-output>
  <suite name="Suite" duration-ms="5803" started-at="2019-04-17T09:12:28Z" finished-at="2019-04-17T09:12:34Z">
    <groups>
    </groups>
    <test name="Test" duration-ms="5803" started-at="2019-04-17T09:12:28Z" finished-at="2019-04-17T09:12:34Z">
      <class name="seleniumTest.Test1">
        <test-method status="PASS" signature="test_002()[pri:0, instance:seleniumTest.Test1@ea4a92b]" name="test_002" duration-ms="5765" started-at="2019-04-17T09:12:28Z" finished-at="2019-04-17T09:12:34Z">
          <reporter-output>
          </reporter-output>
        </test-method> <!-- test_002 -->
      </class> <!-- seleniumTest.Test1 -->
    </test> <!-- Test -->
  </suite> <!-- Suite -->
</testng-results>
