<?xml version="1.0" encoding="UTF-8"?>
<testng-results skipped="0" failed="0" ignored="0" total="1" passed="1">
  <reporter-output>
  </reporter-output>
  <suite name="Default suite" duration-ms="23173" started-at="2019-04-17T08:46:46Z" finished-at="2019-04-17T08:47:09Z">
    <groups>
    </groups>
    <test name="Default test" duration-ms="23173" started-at="2019-04-17T08:46:46Z" finished-at="2019-04-17T08:47:09Z">
      <class name="seleniumTest.Test1">
        <test-method status="PASS" signature="test_002()[pri:0, instance:seleniumTest.Test1@1593948d]" name="test_002" duration-ms="23087" started-at="2019-04-17T08:46:46Z" finished-at="2019-04-17T08:47:09Z">
          <reporter-output>
          </reporter-output>
        </test-method> <!-- test_002 -->
      </class> <!-- seleniumTest.Test1 -->
    </test> <!-- Default test -->
  </suite> <!-- Default suite -->
</testng-results>
